# JRE version: 7.0_25-b17
# Java VM: Java HotSpot(TM) 64-Bit Server VM (23.25-b01 mixed mode windows-amd64 compressed oops)
Heap
 PSYoungGen      total 355008K, used 29306K [0x00000007d5600000, 0x00000007ed390000, 0x0000000800000000)
  eden space 322176K, 9% used [0x00000007d5600000,0x00000007d729eb08,0x00000007e90a0000)
  from space 32832K, 0% used [0x00000007e90a0000,0x00000007e90a0000,0x00000007eb0b0000)
  to   space 33216K, 0% used [0x00000007eb320000,0x00000007eb320000,0x00000007ed390000)
 ParOldGen       total 126464K, used 35577K [0x0000000780200000, 0x0000000787d80000, 0x00000007d5600000)
  object space 126464K, 28% used [0x0000000780200000,0x00000007824be6f0,0x0000000787d80000)
 PSPermGen       total 83968K, used 65443K [0x000000077b000000, 0x0000000780200000, 0x0000000780200000)
  object space 83968K, 77% used [0x000000077b000000,0x000000077efe8d68,0x0000000780200000)
GC Heap History (10 events):
Event: 322.446 GC heap before
{Heap before GC invocations=24 (full 5):
 PSYoungGen      total 355008K, used 0K [0x00000007d5600000, 0x00000007ed450000, 0x0000000800000000)
  eden space 322176K, 0% used [0x00000007d5600000,0x00000007d5600000,0x00000007e90a0000)
  from space 32832K, 0% used [0x00000007e90a0000,0x00000007e90a0000,0x00000007eb0b0000)
  to   space 29184K, 0% used [0x00000007eb0b0000,0x00000007eb0b0000,0x00000007ecd30000)
 ParOldGen       total 126464K, used 105364K [0x0000000780200000, 0x0000000787d80000, 0x00000007d5600000)
  object space 126464K, 83% used [0x0000000780200000,0x00000007868e5058,0x0000000787d80000)
 PSPermGen       total 83968K, used 83967K [0x000000077b000000, 0x0000000780200000, 0x0000000780200000)
  object space 83968K, 99% used [0x000000077b000000,0x00000007801fffb8,0x0000000780200000)
Event: 323.038 GC heap after
Heap after GC invocations=24 (full 5):
 PSYoungGen      total 355008K, used 0K [0x00000007d5600000, 0x00000007ed450000, 0x0000000800000000)
  eden space 322176K, 0% used [0x00000007d5600000,0x00000007d5600000,0x00000007e90a0000)
  from space 32832K, 0% used [0x00000007e90a0000,0x00000007e90a0000,0x00000007eb0b0000)
  to   space 29184K, 0% used [0x00000007eb0b0000,0x00000007eb0b0000,0x00000007ecd30000)
 ParOldGen       total 126464K, used 103163K [0x0000000780200000, 0x0000000787d80000, 0x00000007d5600000)
  object space 126464K, 81% used [0x0000000780200000,0x00000007866bee68,0x0000000787d80000)
 PSPermGen       total 83968K, used 83967K [0x000000077b000000, 0x0000000780200000, 0x0000000780200000)
  object space 83968K, 99% used [0x000000077b000000,0x00000007801fff58,0x0000000780200000)
}
Event: 323.081 GC heap before
{Heap before GC invocations=25 (full 5):
 PSYoungGen      total 355008K, used 0K [0x00000007d5600000, 0x00000007ed450000, 0x0000000800000000)
  eden space 322176K, 0% used [0x00000007d5600000,0x00000007d5600000,0x00000007e90a0000)
  from space 32832K, 0% used [0x00000007e90a0000,0x00000007e90a0000,0x00000007eb0b0000)
  to   space 29184K, 0% used [0x00000007eb0b0000,0x00000007eb0b0000,0x00000007ecd30000)
 ParOldGen       total 126464K, used 103163K [0x0000000780200000, 0x0000000787d80000, 0x00000007d5600000)
  object space 126464K, 81% used [0x0000000780200000,0x00000007866bee68,0x0000000787d80000)
 PSPermGen       total 83968K, used 83967K [0x000000077b000000, 0x0000000780200000, 0x0000000780200000)
  object space 83968K, 99% used [0x000000077b000000,0x00000007801fffe0,0x0000000780200000)
Event: 323.090 GC heap after
Heap after GC invocations=25 (full 5):
 PSYoungGen      total 351360K, used 0K [0x00000007d5600000, 0x00000007ed450000, 0x0000000800000000)
  eden space 322176K, 0% used [0x00000007d5600000,0x00000007d5600000,0x00000007e90a0000)
  from space 29184K, 0% used [0x00000007eb0b0000,0x00000007eb0b0000,0x00000007ecd30000)
  to   space 32832K, 0% used [0x00000007e90a0000,0x00000007e90a0000,0x00000007eb0b0000)
 ParOldGen       total 126464K, used 103163K [0x0000000780200000, 0x0000000787d80000, 0x00000007d5600000)
  object space 126464K, 81% used [0x0000000780200000,0x00000007866bee68,0x0000000787d80000)
 PSPermGen       total 83968K, used 83967K [0x000000077b000000, 0x0000000780200000, 0x0000000780200000)
  object space 83968K, 99% used [0x000000077b000000,0x00000007801fffe0,0x0000000780200000)
}
Event: 323.090 GC heap before
{Heap before GC invocations=26 (full 6):
 PSYoungGen      total 351360K, used 0K [0x00000007d5600000, 0x00000007ed450000, 0x0000000800000000)
  eden space 322176K, 0% used [0x00000007d5600000,0x00000007d5600000,0x00000007e90a0000)
  from space 29184K, 0% used [0x00000007eb0b0000,0x00000007eb0b0000,0x00000007ecd30000)
  to   space 32832K, 0% used [0x00000007e90a0000,0x00000007e90a0000,0x00000007eb0b0000)
 ParOldGen       total 126464K, used 103163K [0x0000000780200000, 0x0000000787d80000, 0x00000007d5600000)
  object space 126464K, 81% used [0x0000000780200000,0x00000007866bee68,0x0000000787d80000)
 PSPermGen       total 83968K, used 83967K [0x000000077b000000, 0x0000000780200000, 0x0000000780200000)
  object space 83968K, 99% used [0x000000077b000000,0x00000007801fffe0,0x0000000780200000)
Event: 323.606 GC heap after
Heap after GC invocations=26 (full 6):
 PSYoungGen      total 351360K, used 0K [0x00000007d5600000, 0x00000007ed450000, 0x0000000800000000)
  eden space 322176K, 0% used [0x00000007d5600000,0x00000007d5600000,0x00000007e90a0000)
  from space 29184K, 0% used [0x00000007eb0b0000,0x00000007eb0b0000,0x00000007ecd30000)
  to   space 32832K, 0% used [0x00000007e90a0000,0x00000007e90a0000,0x00000007eb0b0000)
 ParOldGen       total 126464K, used 102251K [0x0000000780200000, 0x0000000787d80000, 0x00000007d5600000)
  object space 126464K, 80% used [0x0000000780200000,0x00000007865daf50,0x0000000787d80000)
 PSPermGen       total 83968K, used 83967K [0x000000077b000000, 0x0000000780200000, 0x0000000780200000)
  object space 83968K, 99% used [0x000000077b000000,0x00000007801fffe0,0x0000000780200000)
}
Event: 323.606 GC heap before
{Heap before GC invocations=27 (full 6):
 PSYoungGen      total 351360K, used 0K [0x00000007d5600000, 0x00000007ed450000, 0x0000000800000000)
  eden space 322176K, 0% used [0x00000007d5600000,0x00000007d5600000,0x00000007e90a0000)
  from space 29184K, 0% used [0x00000007eb0b0000,0x00000007eb0b0000,0x00000007ecd30000)
  to   space 32832K, 0% used [0x00000007e90a0000,0x00000007e90a0000,0x00000007eb0b0000)
 ParOldGen       total 126464K, used 102251K [0x0000000780200000, 0x0000000787d80000, 0x00000007d5600000)
  object space 126464K, 80% used [0x0000000780200000,0x00000007865daf50,0x0000000787d80000)
 PSPermGen       total 83968K, used 83967K [0x000000077b000000, 0x0000000780200000, 0x0000000780200000)
  object space 83968K, 99% used [0x000000077b000000,0x00000007801fffe0,0x0000000780200000)
Event: 323.610 GC heap after
Heap after GC invocations=27 (full 6):
 PSYoungGen      total 355008K, used 0K [0x00000007d5600000, 0x00000007ed390000, 0x0000000800000000)
  eden space 322176K, 0% used [0x00000007d5600000,0x00000007d5600000,0x00000007e90a0000)
  from space 32832K, 0% used [0x00000007e90a0000,0x00000007e90a0000,0x00000007eb0b0000)
  to   space 33216K, 0% used [0x00000007eb320000,0x00000007eb320000,0x00000007ed390000)
 ParOldGen       total 126464K, used 102251K [0x0000000780200000, 0x0000000787d80000, 0x00000007d5600000)
  object space 126464K, 80% used [0x0000000780200000,0x00000007865daf50,0x0000000787d80000)
 PSPermGen       total 83968K, used 83967K [0x000000077b000000, 0x0000000780200000, 0x0000000780200000)
  object space 83968K, 99% used [0x000000077b000000,0x00000007801fffe0,0x0000000780200000)
}
Event: 323.610 GC heap before
{Heap before GC invocations=28 (full 7):
 PSYoungGen      total 355008K, used 0K [0x00000007d5600000, 0x00000007ed390000, 0x0000000800000000)
  eden space 322176K, 0% used [0x00000007d5600000,0x00000007d5600000,0x00000007e90a0000)
  from space 32832K, 0% used [0x00000007e90a0000,0x00000007e90a0000,0x00000007eb0b0000)
  to   space 33216K, 0% used [0x00000007eb320000,0x00000007eb320000,0x00000007ed390000)
 ParOldGen       total 126464K, used 102251K [0x0000000780200000, 0x0000000787d80000, 0x00000007d5600000)
  object space 126464K, 80% used [0x0000000780200000,0x00000007865daf50,0x0000000787d80000)
 PSPermGen       total 83968K, used 83967K [0x000000077b000000, 0x0000000780200000, 0x0000000780200000)
  object space 83968K, 99% used [0x000000077b000000,0x00000007801fffe0,0x0000000780200000)
Event: 324.348 GC heap after
Heap after GC invocations=28 (full 7):
 PSYoungGen      total 355008K, used 0K [0x00000007d5600000, 0x00000007ed390000, 0x0000000800000000)
  eden space 322176K, 0% used [0x00000007d5600000,0x00000007d5600000,0x00000007e90a0000)
  from space 32832K, 0% used [0x00000007e90a0000,0x00000007e90a0000,0x00000007eb0b0000)
  to   space 33216K, 0% used [0x00000007eb320000,0x00000007eb320000,0x00000007ed390000)
 ParOldGen       total 126464K, used 35577K [0x0000000780200000, 0x0000000787d80000, 0x00000007d5600000)
  object space 126464K, 28% used [0x0000000780200000,0x00000007824be6f0,0x0000000787d80000)
 PSPermGen       total 83968K, used 62225K [0x000000077b000000, 0x0000000780200000, 0x0000000780200000)
  object space 83968K, 74% used [0x000000077b000000,0x000000077ecc4718,0x0000000780200000)
}

